[0.015s] Invoking command in '/home/magnum/simuate_ws/src/robot/build/robot': CMAKE_PREFIX_PATH=${CMAKE_PREFIX_PATH}:/opt/ros/foxy /usr/bin/cmake /home/magnum/simuate_ws/src/robot -DCMAKE_INSTALL_PREFIX=/home/magnum/simuate_ws/src/robot/install/robot
[0.106s] -- The C compiler identification is GNU 9.4.0
[0.180s] -- The CXX compiler identification is GNU 9.4.0
[0.186s] -- Check for working C compiler: /usr/bin/cc
[0.249s] -- Check for working C compiler: /usr/bin/cc -- works
[0.251s] -- Detecting C compiler ABI info
[0.304s] -- Detecting C compiler ABI info - done
[0.314s] -- Detecting C compile features
[0.314s] -- Detecting C compile features - done
[0.317s] -- Check for working CXX compiler: /usr/bin/c++
[0.379s] -- Check for working CXX compiler: /usr/bin/c++ -- works
[0.380s] -- Detecting CXX compiler ABI info
[0.443s] -- Detecting CXX compiler ABI info - done
[0.452s] -- Detecting CXX compile features
[0.453s] -- Detecting CXX compile features - done
[0.456s] -- Found ament_cmake: 0.9.11 (/opt/ros/foxy/share/ament_cmake/cmake)
[0.478s] -- Found PythonInterp: /usr/bin/python3 (found suitable version "3.8.10", minimum required is "3") 
[0.478s] -- Using PYTHON_EXECUTABLE: /usr/bin/python3
[0.656s] -- Found ament_lint_auto: 0.9.7 (/opt/ros/foxy/share/ament_lint_auto/cmake)
[0.718s] -- Added test 'copyright' to check source files copyright and LICENSE
[0.725s] -- Added test 'cppcheck' to perform static code analysis on C / C++ code
[0.725s] -- Configured cppcheck include dirs: 
[0.725s] -- Configured cppcheck exclude dirs and/or files: 
[0.734s] -- Added test 'cpplint' to check C / C++ code against the Google style
[0.735s] -- Configured cpplint exclude dirs and/or files: 
[0.736s] -- Added test 'flake8' to check Python code syntax and style conventions
[0.739s] -- Added test 'lint_cmake' to check CMake code style
[0.740s] -- Added test 'pep257' to check Python code against some of the style conventions in PEP 257
[0.747s] -- Added test 'uncrustify' to check C / C++ code style
[0.747s] -- Configured uncrustify additional arguments: 
[0.748s] -- Added test 'xmllint' to check XML markup files
[0.750s] -- Configuring done
[0.752s] -- Generating done
[0.753s] -- Build files have been written to: /home/magnum/simuate_ws/src/robot/build/robot
[0.756s] Invoked command in '/home/magnum/simuate_ws/src/robot/build/robot' returned '0': CMAKE_PREFIX_PATH=${CMAKE_PREFIX_PATH}:/opt/ros/foxy /usr/bin/cmake /home/magnum/simuate_ws/src/robot -DCMAKE_INSTALL_PREFIX=/home/magnum/simuate_ws/src/robot/install/robot
[0.758s] Invoking command in '/home/magnum/simuate_ws/src/robot/build/robot': CMAKE_PREFIX_PATH=${CMAKE_PREFIX_PATH}:/opt/ros/foxy /usr/bin/cmake --build /home/magnum/simuate_ws/src/robot/build/robot -- -j8 -l8
[0.788s] Invoked command in '/home/magnum/simuate_ws/src/robot/build/robot' returned '0': CMAKE_PREFIX_PATH=${CMAKE_PREFIX_PATH}:/opt/ros/foxy /usr/bin/cmake --build /home/magnum/simuate_ws/src/robot/build/robot -- -j8 -l8
[0.818s] Invoking command in '/home/magnum/simuate_ws/src/robot/build/robot': CMAKE_PREFIX_PATH=${CMAKE_PREFIX_PATH}:/opt/ros/foxy /usr/bin/cmake --install /home/magnum/simuate_ws/src/robot/build/robot
[0.825s] -- Install configuration: ""
[0.825s] -- Installing: /home/magnum/simuate_ws/src/robot/install/robot/share/robot/launch
[0.825s] -- Installing: /home/magnum/simuate_ws/src/robot/install/robot/share/robot/launch/robot.launch.py
[0.825s] -- Installing: /home/magnum/simuate_ws/src/robot/install/robot/share/robot/launch/gazebo.launch.py
[0.826s] -- Installing: /home/magnum/simuate_ws/src/robot/install/robot/share/robot/description
[0.826s] -- Installing: /home/magnum/simuate_ws/src/robot/install/robot/share/robot/description/robot.urdf.xacro
[0.826s] -- Installing: /home/magnum/simuate_ws/src/robot/install/robot/share/robot/description/robot.xacro
[0.826s] -- Installing: /home/magnum/simuate_ws/src/robot/install/robot/share/robot/description/inertial.xacro
[0.826s] -- Installing: /home/magnum/simuate_ws/src/robot/install/robot/share/ament_index/resource_index/package_run_dependencies/robot
[0.826s] -- Installing: /home/magnum/simuate_ws/src/robot/install/robot/share/ament_index/resource_index/parent_prefix_path/robot
[0.826s] -- Installing: /home/magnum/simuate_ws/src/robot/install/robot/share/robot/environment/ament_prefix_path.sh
[0.826s] -- Installing: /home/magnum/simuate_ws/src/robot/install/robot/share/robot/environment/ament_prefix_path.dsv
[0.826s] -- Installing: /home/magnum/simuate_ws/src/robot/install/robot/share/robot/environment/path.sh
[0.827s] -- Installing: /home/magnum/simuate_ws/src/robot/install/robot/share/robot/environment/path.dsv
[0.827s] -- Installing: /home/magnum/simuate_ws/src/robot/install/robot/share/robot/local_setup.bash
[0.827s] -- Installing: /home/magnum/simuate_ws/src/robot/install/robot/share/robot/local_setup.sh
[0.827s] -- Installing: /home/magnum/simuate_ws/src/robot/install/robot/share/robot/local_setup.zsh
[0.827s] -- Installing: /home/magnum/simuate_ws/src/robot/install/robot/share/robot/local_setup.dsv
[0.827s] -- Installing: /home/magnum/simuate_ws/src/robot/install/robot/share/robot/package.dsv
[0.827s] -- Installing: /home/magnum/simuate_ws/src/robot/install/robot/share/ament_index/resource_index/packages/robot
[0.828s] -- Installing: /home/magnum/simuate_ws/src/robot/install/robot/share/robot/cmake/robotConfig.cmake
[0.828s] -- Installing: /home/magnum/simuate_ws/src/robot/install/robot/share/robot/cmake/robotConfig-version.cmake
[0.828s] -- Installing: /home/magnum/simuate_ws/src/robot/install/robot/share/robot/package.xml
[0.830s] Invoked command in '/home/magnum/simuate_ws/src/robot/build/robot' returned '0': CMAKE_PREFIX_PATH=${CMAKE_PREFIX_PATH}:/opt/ros/foxy /usr/bin/cmake --install /home/magnum/simuate_ws/src/robot/build/robot
