[0.160s] DEBUG:colcon:Command line arguments: ['/usr/bin/colcon', 'build']
[0.160s] DEBUG:colcon:Parsed command line arguments: Namespace(allow_overriding=[], ament_cmake_args=None, base_paths=['.'], build_base='build', catkin_cmake_args=None, catkin_skip_building_tests=False, cmake_args=None, cmake_clean_cache=False, cmake_clean_first=False, cmake_force_configure=False, cmake_target=None, cmake_target_skip_unavailable=False, continue_on_error=False, event_handlers=None, executor='parallel', ignore_user_meta=False, install_base='install', log_base=None, log_level=None, main=<bound method BuildVerb.main of <colcon_core.verb.build.BuildVerb object at 0x7f46f3da65e0>>, merge_install=False, metas=['./colcon.meta'], packages_above=None, packages_above_and_dependencies=None, packages_above_depth=None, packages_end=None, packages_ignore=None, packages_ignore_regex=None, packages_select=None, packages_select_build_failed=False, packages_select_by_dep=None, packages_select_regex=None, packages_select_test_failures=False, packages_skip=None, packages_skip_build_finished=False, packages_skip_by_dep=None, packages_skip_regex=None, packages_skip_test_passed=False, packages_skip_up_to=None, packages_start=None, packages_up_to=None, packages_up_to_regex=None, parallel_workers=8, paths=None, symlink_install=False, test_result_base=None, verb_extension=<colcon_core.verb.build.BuildVerb object at 0x7f46f3da65e0>, verb_name='build', verb_parser=<colcon_defaults.argument_parser.defaults.DefaultArgumentsDecorator object at 0x7f46f3da6b20>)
[0.185s] Level 1:colcon.colcon_core.package_discovery:discover_packages(colcon_meta) check parameters
[0.185s] Level 1:colcon.colcon_core.package_discovery:discover_packages(recursive) check parameters
[0.185s] Level 1:colcon.colcon_core.package_discovery:discover_packages(ignore) check parameters
[0.185s] Level 1:colcon.colcon_core.package_discovery:discover_packages(path) check parameters
[0.185s] Level 1:colcon.colcon_core.package_discovery:discover_packages(colcon_meta) discover
[0.185s] Level 1:colcon.colcon_core.package_discovery:discover_packages(recursive) discover
[0.186s] INFO:colcon.colcon_core.package_discovery:Crawling recursively for packages in '/home/magnum/chapter8_ws/src/chapter8'
[0.186s] Level 1:colcon.colcon_core.package_identification:_identify(.) by extensions ['ignore', 'ignore_ament_install']
[0.186s] Level 1:colcon.colcon_core.package_identification:_identify(.) by extension 'ignore'
[0.186s] Level 1:colcon.colcon_core.package_identification:_identify(.) by extension 'ignore_ament_install'
[0.186s] Level 1:colcon.colcon_core.package_identification:_identify(.) by extensions ['colcon_pkg']
[0.186s] Level 1:colcon.colcon_core.package_identification:_identify(.) by extension 'colcon_pkg'
[0.186s] Level 1:colcon.colcon_core.package_identification:_identify(.) by extensions ['colcon_meta']
[0.186s] Level 1:colcon.colcon_core.package_identification:_identify(.) by extension 'colcon_meta'
[0.186s] Level 1:colcon.colcon_core.package_identification:_identify(.) by extensions ['ros']
[0.186s] Level 1:colcon.colcon_core.package_identification:_identify(.) by extension 'ros'
[0.205s] Level 1:colcon.colcon_core.package_identification:_identify(.) by extensions ['cmake', 'python']
[0.205s] Level 1:colcon.colcon_core.package_identification:_identify(.) by extension 'cmake'
[0.205s] Level 1:colcon.colcon_core.package_identification:_identify(.) by extension 'python'
[0.205s] Level 1:colcon.colcon_core.package_identification:_identify(.) by extensions ['python_setup_py']
[0.205s] Level 1:colcon.colcon_core.package_identification:_identify(.) by extension 'python_setup_py'
[0.205s] Level 1:colcon.colcon_core.package_identification:_identify(build) by extensions ['ignore', 'ignore_ament_install']
[0.205s] Level 1:colcon.colcon_core.package_identification:_identify(build) by extension 'ignore'
[0.205s] Level 1:colcon.colcon_core.package_identification:_identify(build) ignored
[0.205s] Level 1:colcon.colcon_core.package_identification:_identify(install) by extensions ['ignore', 'ignore_ament_install']
[0.206s] Level 1:colcon.colcon_core.package_identification:_identify(install) by extension 'ignore'
[0.206s] Level 1:colcon.colcon_core.package_identification:_identify(install) ignored
[0.206s] Level 1:colcon.colcon_core.package_identification:_identify(log) by extensions ['ignore', 'ignore_ament_install']
[0.206s] Level 1:colcon.colcon_core.package_identification:_identify(log) by extension 'ignore'
[0.206s] Level 1:colcon.colcon_core.package_identification:_identify(log) ignored
[0.206s] Level 1:colcon.colcon_core.package_identification:_identify(robot) by extensions ['ignore', 'ignore_ament_install']
[0.206s] Level 1:colcon.colcon_core.package_identification:_identify(robot) by extension 'ignore'
[0.206s] Level 1:colcon.colcon_core.package_identification:_identify(robot) by extension 'ignore_ament_install'
[0.206s] Level 1:colcon.colcon_core.package_identification:_identify(robot) by extensions ['colcon_pkg']
[0.206s] Level 1:colcon.colcon_core.package_identification:_identify(robot) by extension 'colcon_pkg'
[0.206s] Level 1:colcon.colcon_core.package_identification:_identify(robot) by extensions ['colcon_meta']
[0.206s] Level 1:colcon.colcon_core.package_identification:_identify(robot) by extension 'colcon_meta'
[0.206s] Level 1:colcon.colcon_core.package_identification:_identify(robot) by extensions ['ros']
[0.206s] Level 1:colcon.colcon_core.package_identification:_identify(robot) by extension 'ros'
[0.208s] DEBUG:colcon.colcon_core.package_identification:Package 'robot' with type 'ros.ament_cmake' and name 'robot'
[0.208s] Level 1:colcon.colcon_core.package_discovery:discover_packages(recursive) using defaults
[0.208s] Level 1:colcon.colcon_core.package_discovery:discover_packages(ignore) discover
[0.208s] Level 1:colcon.colcon_core.package_discovery:discover_packages(ignore) using defaults
[0.208s] Level 1:colcon.colcon_core.package_discovery:discover_packages(path) discover
[0.208s] Level 1:colcon.colcon_core.package_discovery:discover_packages(path) using defaults
[0.233s] Level 1:colcon.colcon_core.package_discovery:discover_packages(prefix_path) check parameters
[0.233s] Level 1:colcon.colcon_core.package_discovery:discover_packages(prefix_path) discover
[0.236s] DEBUG:colcon.colcon_installed_package_information.package_discovery:Found 1 installed packages in /home/magnum/chapter8_ws/install
[0.238s] DEBUG:colcon.colcon_installed_package_information.package_discovery:Found 395 installed packages in /opt/ros/foxy
[0.241s] Level 1:colcon.colcon_core.package_discovery:discover_packages(prefix_path) using defaults
[0.320s] Level 5:colcon.colcon_core.verb:set package 'robot' build argument 'cmake_args' from command line to 'None'
[0.320s] Level 5:colcon.colcon_core.verb:set package 'robot' build argument 'cmake_target' from command line to 'None'
[0.320s] Level 5:colcon.colcon_core.verb:set package 'robot' build argument 'cmake_target_skip_unavailable' from command line to 'False'
[0.320s] Level 5:colcon.colcon_core.verb:set package 'robot' build argument 'cmake_clean_cache' from command line to 'False'
[0.320s] Level 5:colcon.colcon_core.verb:set package 'robot' build argument 'cmake_clean_first' from command line to 'False'
[0.320s] Level 5:colcon.colcon_core.verb:set package 'robot' build argument 'cmake_force_configure' from command line to 'False'
[0.320s] Level 5:colcon.colcon_core.verb:set package 'robot' build argument 'ament_cmake_args' from command line to 'None'
[0.320s] Level 5:colcon.colcon_core.verb:set package 'robot' build argument 'catkin_cmake_args' from command line to 'None'
[0.320s] Level 5:colcon.colcon_core.verb:set package 'robot' build argument 'catkin_skip_building_tests' from command line to 'False'
[0.321s] DEBUG:colcon.colcon_core.verb:Building package 'robot' with the following arguments: {'ament_cmake_args': None, 'build_base': '/home/magnum/chapter8_ws/src/chapter8/build/robot', 'catkin_cmake_args': None, 'catkin_skip_building_tests': False, 'cmake_args': None, 'cmake_clean_cache': False, 'cmake_clean_first': False, 'cmake_force_configure': False, 'cmake_target': None, 'cmake_target_skip_unavailable': False, 'install_base': '/home/magnum/chapter8_ws/src/chapter8/install/robot', 'merge_install': False, 'path': '/home/magnum/chapter8_ws/src/chapter8/robot', 'symlink_install': False, 'test_result_base': None}
[0.321s] INFO:colcon.colcon_core.executor:Executing jobs using 'parallel' executor
[0.324s] DEBUG:colcon.colcon_parallel_executor.executor.parallel:run_until_complete
[0.324s] INFO:colcon.colcon_ros.task.ament_cmake.build:Building ROS package in '/home/magnum/chapter8_ws/src/chapter8/robot' with build type 'ament_cmake'
[0.325s] INFO:colcon.colcon_cmake.task.cmake.build:Building CMake package in '/home/magnum/chapter8_ws/src/chapter8/robot'
[0.329s] INFO:colcon.colcon_core.plugin_system:Skipping extension 'colcon_core.shell.bat': Not used on non-Windows systems
[0.330s] INFO:colcon.colcon_core.shell:Skip shell extension 'powershell' for command environment: Not usable outside of PowerShell
[0.330s] DEBUG:colcon.colcon_core.shell:Skip shell extension 'dsv' for command environment
[0.349s] DEBUG:colcon.colcon_core.event_handler.log_command:Invoking command in '/home/magnum/chapter8_ws/src/chapter8/build/robot': CMAKE_PREFIX_PATH=${CMAKE_PREFIX_PATH}:/opt/ros/foxy /usr/bin/cmake /home/magnum/chapter8_ws/src/chapter8/robot -DCMAKE_INSTALL_PREFIX=/home/magnum/chapter8_ws/src/chapter8/install/robot
[1.393s] DEBUG:colcon.colcon_core.event_handler.log_command:Invoked command in '/home/magnum/chapter8_ws/src/chapter8/build/robot' returned '0': CMAKE_PREFIX_PATH=${CMAKE_PREFIX_PATH}:/opt/ros/foxy /usr/bin/cmake /home/magnum/chapter8_ws/src/chapter8/robot -DCMAKE_INSTALL_PREFIX=/home/magnum/chapter8_ws/src/chapter8/install/robot
[1.395s] DEBUG:colcon.colcon_core.event_handler.log_command:Invoking command in '/home/magnum/chapter8_ws/src/chapter8/build/robot': CMAKE_PREFIX_PATH=${CMAKE_PREFIX_PATH}:/opt/ros/foxy /usr/bin/cmake --build /home/magnum/chapter8_ws/src/chapter8/build/robot -- -j8 -l8
[1.447s] DEBUG:colcon.colcon_core.event_handler.log_command:Invoked command in '/home/magnum/chapter8_ws/src/chapter8/build/robot' returned '0': CMAKE_PREFIX_PATH=${CMAKE_PREFIX_PATH}:/opt/ros/foxy /usr/bin/cmake --build /home/magnum/chapter8_ws/src/chapter8/build/robot -- -j8 -l8
[1.484s] DEBUG:colcon.colcon_core.event_handler.log_command:Invoking command in '/home/magnum/chapter8_ws/src/chapter8/build/robot': CMAKE_PREFIX_PATH=${CMAKE_PREFIX_PATH}:/opt/ros/foxy /usr/bin/cmake --install /home/magnum/chapter8_ws/src/chapter8/build/robot
[1.499s] Level 1:colcon.colcon_core.environment:create_environment_scripts_only(robot)
[1.506s] Level 1:colcon.colcon_core.environment:checking '/home/magnum/chapter8_ws/src/chapter8/install/robot' for CMake module files
[1.507s] Level 1:colcon.colcon_core.environment:checking '/home/magnum/chapter8_ws/src/chapter8/install/robot' for CMake config files
[1.508s] Level 1:colcon.colcon_core.shell:create_environment_hook('robot', 'cmake_prefix_path')
[1.513s] INFO:colcon.colcon_core.shell:Creating environment hook '/home/magnum/chapter8_ws/src/chapter8/install/robot/share/robot/hook/cmake_prefix_path.ps1'
[1.514s] DEBUG:colcon.colcon_core.event_handler.log_command:Invoked command in '/home/magnum/chapter8_ws/src/chapter8/build/robot' returned '0': CMAKE_PREFIX_PATH=${CMAKE_PREFIX_PATH}:/opt/ros/foxy /usr/bin/cmake --install /home/magnum/chapter8_ws/src/chapter8/build/robot
[1.515s] INFO:colcon.colcon_core.shell:Creating environment descriptor '/home/magnum/chapter8_ws/src/chapter8/install/robot/share/robot/hook/cmake_prefix_path.dsv'
[1.515s] INFO:colcon.colcon_core.shell:Creating environment hook '/home/magnum/chapter8_ws/src/chapter8/install/robot/share/robot/hook/cmake_prefix_path.sh'
[1.516s] Level 1:colcon.colcon_core.environment:checking '/home/magnum/chapter8_ws/src/chapter8/install/robot/bin'
[1.516s] Level 1:colcon.colcon_core.environment:checking '/home/magnum/chapter8_ws/src/chapter8/install/robot/lib/pkgconfig/robot.pc'
[1.516s] Level 1:colcon.colcon_core.environment:checking '/home/magnum/chapter8_ws/src/chapter8/install/robot/lib/python3.8/site-packages'
[1.516s] Level 1:colcon.colcon_core.environment:checking '/home/magnum/chapter8_ws/src/chapter8/install/robot/bin'
[1.517s] INFO:colcon.colcon_core.shell:Creating package script '/home/magnum/chapter8_ws/src/chapter8/install/robot/share/robot/package.ps1'
[1.518s] INFO:colcon.colcon_core.shell:Creating package descriptor '/home/magnum/chapter8_ws/src/chapter8/install/robot/share/robot/package.dsv'
[1.518s] INFO:colcon.colcon_core.shell:Creating package script '/home/magnum/chapter8_ws/src/chapter8/install/robot/share/robot/package.sh'
[1.519s] INFO:colcon.colcon_core.shell:Creating package script '/home/magnum/chapter8_ws/src/chapter8/install/robot/share/robot/package.bash'
[1.519s] INFO:colcon.colcon_core.shell:Creating package script '/home/magnum/chapter8_ws/src/chapter8/install/robot/share/robot/package.zsh'
[1.520s] Level 1:colcon.colcon_core.environment:create_file_with_runtime_dependencies(/home/magnum/chapter8_ws/src/chapter8/install/robot/share/colcon-core/packages/robot)
[1.556s] Level 1:colcon.colcon_core.environment:create_environment_scripts_only(robot)
[1.557s] Level 1:colcon.colcon_core.environment:checking '/home/magnum/chapter8_ws/src/chapter8/install/robot' for CMake module files
[1.558s] Level 1:colcon.colcon_core.environment:checking '/home/magnum/chapter8_ws/src/chapter8/install/robot' for CMake config files
[1.558s] Level 1:colcon.colcon_core.shell:create_environment_hook('robot', 'cmake_prefix_path')
[1.559s] INFO:colcon.colcon_core.shell:Creating environment hook '/home/magnum/chapter8_ws/src/chapter8/install/robot/share/robot/hook/cmake_prefix_path.ps1'
[1.560s] INFO:colcon.colcon_core.shell:Creating environment descriptor '/home/magnum/chapter8_ws/src/chapter8/install/robot/share/robot/hook/cmake_prefix_path.dsv'
[1.560s] INFO:colcon.colcon_core.shell:Creating environment hook '/home/magnum/chapter8_ws/src/chapter8/install/robot/share/robot/hook/cmake_prefix_path.sh'
[1.560s] Level 1:colcon.colcon_core.environment:checking '/home/magnum/chapter8_ws/src/chapter8/install/robot/bin'
[1.560s] Level 1:colcon.colcon_core.environment:checking '/home/magnum/chapter8_ws/src/chapter8/install/robot/lib/pkgconfig/robot.pc'
[1.561s] Level 1:colcon.colcon_core.environment:checking '/home/magnum/chapter8_ws/src/chapter8/install/robot/lib/python3.8/site-packages'
[1.561s] Level 1:colcon.colcon_core.environment:checking '/home/magnum/chapter8_ws/src/chapter8/install/robot/bin'
[1.563s] INFO:colcon.colcon_core.shell:Creating package script '/home/magnum/chapter8_ws/src/chapter8/install/robot/share/robot/package.ps1'
[1.563s] INFO:colcon.colcon_core.shell:Creating package descriptor '/home/magnum/chapter8_ws/src/chapter8/install/robot/share/robot/package.dsv'
[1.563s] INFO:colcon.colcon_core.shell:Creating package script '/home/magnum/chapter8_ws/src/chapter8/install/robot/share/robot/package.sh'
[1.564s] INFO:colcon.colcon_core.shell:Creating package script '/home/magnum/chapter8_ws/src/chapter8/install/robot/share/robot/package.bash'
[1.564s] INFO:colcon.colcon_core.shell:Creating package script '/home/magnum/chapter8_ws/src/chapter8/install/robot/share/robot/package.zsh'
[1.564s] Level 1:colcon.colcon_core.environment:create_file_with_runtime_dependencies(/home/magnum/chapter8_ws/src/chapter8/install/robot/share/colcon-core/packages/robot)
[1.565s] DEBUG:colcon.colcon_parallel_executor.executor.parallel:closing loop
[1.565s] DEBUG:colcon.colcon_parallel_executor.executor.parallel:loop closed
[1.565s] DEBUG:colcon.colcon_parallel_executor.executor.parallel:run_until_complete finished with '0'
[1.565s] DEBUG:colcon.colcon_core.event_reactor:joining thread
[1.572s] INFO:colcon.colcon_core.plugin_system:Skipping extension 'colcon_notification.desktop_notification.terminal_notifier': Not used on non-Darwin systems
[1.572s] INFO:colcon.colcon_core.plugin_system:Skipping extension 'colcon_notification.desktop_notification.win32': Not used on non-Windows systems
[1.572s] INFO:colcon.colcon_notification.desktop_notification:Sending desktop notification using 'notify2'
[1.590s] DEBUG:colcon.colcon_core.event_reactor:joined thread
[1.591s] INFO:colcon.colcon_core.shell:Creating prefix script '/home/magnum/chapter8_ws/src/chapter8/install/local_setup.ps1'
[1.593s] INFO:colcon.colcon_core.shell:Creating prefix util module '/home/magnum/chapter8_ws/src/chapter8/install/_local_setup_util_ps1.py'
[1.594s] INFO:colcon.colcon_core.shell:Creating prefix chain script '/home/magnum/chapter8_ws/src/chapter8/install/setup.ps1'
[1.596s] INFO:colcon.colcon_core.shell:Creating prefix script '/home/magnum/chapter8_ws/src/chapter8/install/local_setup.sh'
[1.596s] INFO:colcon.colcon_core.shell:Creating prefix util module '/home/magnum/chapter8_ws/src/chapter8/install/_local_setup_util_sh.py'
[1.597s] INFO:colcon.colcon_core.shell:Creating prefix chain script '/home/magnum/chapter8_ws/src/chapter8/install/setup.sh'
[1.598s] INFO:colcon.colcon_core.shell:Creating prefix script '/home/magnum/chapter8_ws/src/chapter8/install/local_setup.bash'
[1.599s] INFO:colcon.colcon_core.shell:Creating prefix chain script '/home/magnum/chapter8_ws/src/chapter8/install/setup.bash'
[1.600s] INFO:colcon.colcon_core.shell:Creating prefix script '/home/magnum/chapter8_ws/src/chapter8/install/local_setup.zsh'
[1.601s] INFO:colcon.colcon_core.shell:Creating prefix chain script '/home/magnum/chapter8_ws/src/chapter8/install/setup.zsh'
