CMake Error: The current CMakeCache.txt directory /home/magnum/Desktop/Push_to_ros_book/chapter7/build/robot/CMakeCache.txt is different than the directory /home/magnum/simuate_ws/src/robot/build/robot where CMakeCache.txt was created. This may result in binaries being created in the wrong place. If you are not sure, reedit the CMakeCache.txt
-- Found ament_cmake: 0.9.11 (/opt/ros/foxy/share/ament_cmake/cmake)
-- Using PYTHON_EXECUTABLE: /usr/bin/python3
-- Found ament_lint_auto: 0.9.7 (/opt/ros/foxy/share/ament_lint_auto/cmake)
-- Added test 'copyright' to check source files copyright and LICENSE
-- Added test 'cppcheck' to perform static code analysis on C / C++ code
-- Configured cppcheck include dirs: 
-- Configured cppcheck exclude dirs and/or files: 
-- Added test 'cpplint' to check C / C++ code against the Google style
-- Configured cpplint exclude dirs and/or files: 
-- Added test 'flake8' to check Python code syntax and style conventions
-- Added test 'lint_cmake' to check CMake code style
-- Added test 'pep257' to check Python code against some of the style conventions in PEP 257
-- Added test 'uncrustify' to check C / C++ code style
-- Configured uncrustify additional arguments: 
-- Added test 'xmllint' to check XML markup files
-- Configuring done
-- Generating done
-- Build files have been written to: /home/magnum/simuate_ws/src/robot/build/robot
-- Install configuration: ""
-- Up-to-date: /home/magnum/simuate_ws/src/robot/install/robot/share/robot/launch
-- Up-to-date: /home/magnum/simuate_ws/src/robot/install/robot/share/robot/launch/show.robot.launch.py
-- Up-to-date: /home/magnum/simuate_ws/src/robot/install/robot/share/robot/launch/navigation.launch.py
-- Up-to-date: /home/magnum/simuate_ws/src/robot/install/robot/share/robot/launch/robot.launch.py
-- Up-to-date: /home/magnum/simuate_ws/src/robot/install/robot/share/robot/launch/online_async.launch.py
-- Up-to-date: /home/magnum/simuate_ws/src/robot/install/robot/share/robot/launch/point_cloud_to_laser.launch.py
-- Up-to-date: /home/magnum/simuate_ws/src/robot/install/robot/share/robot/launch/nav2.launch.py
-- Up-to-date: /home/magnum/simuate_ws/src/robot/install/robot/share/robot/launch/offline_launch.py
-- Up-to-date: /home/magnum/simuate_ws/src/robot/install/robot/share/robot/description
-- Up-to-date: /home/magnum/simuate_ws/src/robot/install/robot/share/robot/description/xacro
-- Up-to-date: /home/magnum/simuate_ws/src/robot/install/robot/share/robot/description/robot.urdf.xacro
-- Up-to-date: /home/magnum/simuate_ws/src/robot/install/robot/share/robot/description/dept_camera.xacro
-- Up-to-date: /home/magnum/simuate_ws/src/robot/install/robot/share/robot/description/lidar_sensor.xacro
-- Up-to-date: /home/magnum/simuate_ws/src/robot/install/robot/share/robot/description/robot.xacro
-- Up-to-date: /home/magnum/simuate_ws/src/robot/install/robot/share/robot/description/inertial.xacro
-- Up-to-date: /home/magnum/simuate_ws/src/robot/install/robot/share/robot/description/gazebo_controller.xacro
-- Up-to-date: /home/magnum/simuate_ws/src/robot/install/robot/share/ament_index/resource_index/package_run_dependencies/robot
-- Installing: /home/magnum/simuate_ws/src/robot/install/robot/share/ament_index/resource_index/parent_prefix_path/robot
-- Up-to-date: /home/magnum/simuate_ws/src/robot/install/robot/share/robot/environment/ament_prefix_path.sh
-- Installing: /home/magnum/simuate_ws/src/robot/install/robot/share/robot/environment/ament_prefix_path.dsv
-- Up-to-date: /home/magnum/simuate_ws/src/robot/install/robot/share/robot/environment/path.sh
-- Installing: /home/magnum/simuate_ws/src/robot/install/robot/share/robot/environment/path.dsv
-- Up-to-date: /home/magnum/simuate_ws/src/robot/install/robot/share/robot/local_setup.bash
-- Up-to-date: /home/magnum/simuate_ws/src/robot/install/robot/share/robot/local_setup.sh
-- Up-to-date: /home/magnum/simuate_ws/src/robot/install/robot/share/robot/local_setup.zsh
-- Installing: /home/magnum/simuate_ws/src/robot/install/robot/share/robot/local_setup.dsv
-- Installing: /home/magnum/simuate_ws/src/robot/install/robot/share/robot/package.dsv
-- Up-to-date: /home/magnum/simuate_ws/src/robot/install/robot/share/ament_index/resource_index/packages/robot
-- Up-to-date: /home/magnum/simuate_ws/src/robot/install/robot/share/robot/cmake/robotConfig.cmake
-- Up-to-date: /home/magnum/simuate_ws/src/robot/install/robot/share/robot/cmake/robotConfig-version.cmake
-- Up-to-date: /home/magnum/simuate_ws/src/robot/install/robot/share/robot/package.xml
