[0.015s] Invoking command in '/home/magnum/Desktop/Push_to_ros_book/chapter7/build/robot': CMAKE_PREFIX_PATH=${CMAKE_PREFIX_PATH}:/home/magnum/simuate_ws/install/obstacleavoidance_fsm:/home/magnum/simuate_ws/install/drive_robot:/opt/ros/foxy /usr/bin/cmake --build /home/magnum/Desktop/Push_to_ros_book/chapter7/build/robot -- -j8 -l8
[0.021s] CMake Error: The current CMakeCache.txt directory /home/magnum/Desktop/Push_to_ros_book/chapter7/build/robot/CMakeCache.txt is different than the directory /home/magnum/simuate_ws/src/robot/build/robot where CMakeCache.txt was created. This may result in binaries being created in the wrong place. If you are not sure, reedit the CMakeCache.txt
[0.042s] -- Found ament_cmake: 0.9.11 (/opt/ros/foxy/share/ament_cmake/cmake)
[0.070s] -- Using PYTHON_EXECUTABLE: /usr/bin/python3
[0.230s] -- Found ament_lint_auto: 0.9.7 (/opt/ros/foxy/share/ament_lint_auto/cmake)
[0.281s] -- Added test 'copyright' to check source files copyright and LICENSE
[0.321s] -- Added test 'cppcheck' to perform static code analysis on C / C++ code
[0.321s] -- Configured cppcheck include dirs: 
[0.321s] -- Configured cppcheck exclude dirs and/or files: 
[0.345s] -- Added test 'cpplint' to check C / C++ code against the Google style
[0.345s] -- Configured cpplint exclude dirs and/or files: 
[0.348s] -- Added test 'flake8' to check Python code syntax and style conventions
[0.354s] -- Added test 'lint_cmake' to check CMake code style
[0.358s] -- Added test 'pep257' to check Python code against some of the style conventions in PEP 257
[0.379s] -- Added test 'uncrustify' to check C / C++ code style
[0.380s] -- Configured uncrustify additional arguments: 
[0.383s] -- Added test 'xmllint' to check XML markup files
[0.384s] -- Configuring done
[0.387s] -- Generating done
[0.388s] -- Build files have been written to: /home/magnum/simuate_ws/src/robot/build/robot
[0.403s] Invoked command in '/home/magnum/Desktop/Push_to_ros_book/chapter7/build/robot' returned '0': CMAKE_PREFIX_PATH=${CMAKE_PREFIX_PATH}:/home/magnum/simuate_ws/install/obstacleavoidance_fsm:/home/magnum/simuate_ws/install/drive_robot:/opt/ros/foxy /usr/bin/cmake --build /home/magnum/Desktop/Push_to_ros_book/chapter7/build/robot -- -j8 -l8
[0.426s] Invoking command in '/home/magnum/Desktop/Push_to_ros_book/chapter7/build/robot': CMAKE_PREFIX_PATH=${CMAKE_PREFIX_PATH}:/home/magnum/simuate_ws/install/obstacleavoidance_fsm:/home/magnum/simuate_ws/install/drive_robot:/opt/ros/foxy /usr/bin/cmake --install /home/magnum/Desktop/Push_to_ros_book/chapter7/build/robot
[0.432s] -- Install configuration: ""
[0.433s] -- Up-to-date: /home/magnum/simuate_ws/src/robot/install/robot/share/robot/launch
[0.433s] -- Up-to-date: /home/magnum/simuate_ws/src/robot/install/robot/share/robot/launch/show.robot.launch.py
[0.433s] -- Up-to-date: /home/magnum/simuate_ws/src/robot/install/robot/share/robot/launch/navigation.launch.py
[0.433s] -- Up-to-date: /home/magnum/simuate_ws/src/robot/install/robot/share/robot/launch/robot.launch.py
[0.433s] -- Up-to-date: /home/magnum/simuate_ws/src/robot/install/robot/share/robot/launch/online_async.launch.py
[0.433s] -- Up-to-date: /home/magnum/simuate_ws/src/robot/install/robot/share/robot/launch/point_cloud_to_laser.launch.py
[0.433s] -- Up-to-date: /home/magnum/simuate_ws/src/robot/install/robot/share/robot/launch/nav2.launch.py
[0.433s] -- Up-to-date: /home/magnum/simuate_ws/src/robot/install/robot/share/robot/launch/offline_launch.py
[0.433s] -- Up-to-date: /home/magnum/simuate_ws/src/robot/install/robot/share/robot/description
[0.433s] -- Up-to-date: /home/magnum/simuate_ws/src/robot/install/robot/share/robot/description/xacro
[0.433s] -- Up-to-date: /home/magnum/simuate_ws/src/robot/install/robot/share/robot/description/robot.urdf.xacro
[0.433s] -- Up-to-date: /home/magnum/simuate_ws/src/robot/install/robot/share/robot/description/dept_camera.xacro
[0.433s] -- Up-to-date: /home/magnum/simuate_ws/src/robot/install/robot/share/robot/description/lidar_sensor.xacro
[0.433s] -- Up-to-date: /home/magnum/simuate_ws/src/robot/install/robot/share/robot/description/robot.xacro
[0.433s] -- Up-to-date: /home/magnum/simuate_ws/src/robot/install/robot/share/robot/description/inertial.xacro
[0.433s] -- Up-to-date: /home/magnum/simuate_ws/src/robot/install/robot/share/robot/description/gazebo_controller.xacro
[0.434s] -- Up-to-date: /home/magnum/simuate_ws/src/robot/install/robot/share/ament_index/resource_index/package_run_dependencies/robot
[0.434s] -- Installing: /home/magnum/simuate_ws/src/robot/install/robot/share/ament_index/resource_index/parent_prefix_path/robot
[0.434s] -- Up-to-date: /home/magnum/simuate_ws/src/robot/install/robot/share/robot/environment/ament_prefix_path.sh
[0.434s] -- Installing: /home/magnum/simuate_ws/src/robot/install/robot/share/robot/environment/ament_prefix_path.dsv
[0.434s] -- Up-to-date: /home/magnum/simuate_ws/src/robot/install/robot/share/robot/environment/path.sh
[0.434s] -- Installing: /home/magnum/simuate_ws/src/robot/install/robot/share/robot/environment/path.dsv
[0.434s] -- Up-to-date: /home/magnum/simuate_ws/src/robot/install/robot/share/robot/local_setup.bash
[0.434s] -- Up-to-date: /home/magnum/simuate_ws/src/robot/install/robot/share/robot/local_setup.sh
[0.434s] -- Up-to-date: /home/magnum/simuate_ws/src/robot/install/robot/share/robot/local_setup.zsh
[0.434s] -- Installing: /home/magnum/simuate_ws/src/robot/install/robot/share/robot/local_setup.dsv
[0.434s] -- Installing: /home/magnum/simuate_ws/src/robot/install/robot/share/robot/package.dsv
[0.434s] -- Up-to-date: /home/magnum/simuate_ws/src/robot/install/robot/share/ament_index/resource_index/packages/robot
[0.434s] -- Up-to-date: /home/magnum/simuate_ws/src/robot/install/robot/share/robot/cmake/robotConfig.cmake
[0.434s] -- Up-to-date: /home/magnum/simuate_ws/src/robot/install/robot/share/robot/cmake/robotConfig-version.cmake
[0.434s] -- Up-to-date: /home/magnum/simuate_ws/src/robot/install/robot/share/robot/package.xml
[0.435s] Invoked command in '/home/magnum/Desktop/Push_to_ros_book/chapter7/build/robot' returned '0': CMAKE_PREFIX_PATH=${CMAKE_PREFIX_PATH}:/home/magnum/simuate_ws/install/obstacleavoidance_fsm:/home/magnum/simuate_ws/install/drive_robot:/opt/ros/foxy /usr/bin/cmake --install /home/magnum/Desktop/Push_to_ros_book/chapter7/build/robot
